[0.006s] Invoking command in '/home/rmsentry/DUST_Infantry_Vision/build/sp_vision': /usr/local/bin/cmake /home/rmsentry/DUST_Infantry_Vision -DCMAKE_INSTALL_PREFIX=/home/rmsentry/DUST_Infantry_Vision/install/sp_vision
[0.047s] -- The C compiler identification is GNU 11.4.0
[0.082s] -- The CXX compiler identification is GNU 11.4.0
[0.089s] -- Detecting C compiler ABI info
[0.125s] -- Detecting C compiler ABI info - done
[0.135s] -- Check for working C compiler: /usr/bin/cc - skipped
[0.135s] -- Detecting C compile features
[0.135s] -- Detecting C compile features - done
[0.138s] -- Detecting CXX compiler ABI info
[0.180s] -- Detecting CXX compiler ABI info - done
[0.190s] -- Check for working CXX compiler: /usr/bin/c++ - skipped
[0.190s] -- Detecting CXX compile features
[0.190s] -- Detecting CXX compile features - done
[0.190s] -- --------------------CMAKE_BUILD_TYPE: Release--------------------
[0.191s] -- Found rclcpp: 16.0.16 (/opt/ros/humble/share/rclcpp/cmake)
[0.269s] -- Found Python3: /usr/bin/python3 (found version "3.10.12") found components: Interpreter
[0.350s] -- Found rosidl_generator_c: 3.1.7 (/opt/ros/humble/share/rosidl_generator_c/cmake)
[0.353s] -- Found rosidl_adapter: 3.1.7 (/opt/ros/humble/share/rosidl_adapter/cmake)
[0.358s] -- Found rosidl_generator_cpp: 3.1.7 (/opt/ros/humble/share/rosidl_generator_cpp/cmake)
[0.368s] -- Using all available rosidl_typesupport_c: rosidl_typesupport_fastrtps_c;rosidl_typesupport_introspection_c
[0.379s] -- Using all available rosidl_typesupport_cpp: rosidl_typesupport_fastrtps_cpp;rosidl_typesupport_introspection_cpp
[0.408s] -- Found rmw_implementation_cmake: 6.1.2 (/opt/ros/humble/share/rmw_implementation_cmake/cmake)
[0.410s] -- Found rmw_fastrtps_cpp: 6.2.8 (/opt/ros/humble/share/rmw_fastrtps_cpp/cmake)
[0.459s] -- Found OpenSSL: /usr/lib/x86_64-linux-gnu/libcrypto.so (found version "3.0.2")
[0.478s] -- Found FastRTPS: /opt/ros/humble/include
[0.505s] -- Using RMW implementation 'rmw_fastrtps_cpp' as default
[0.510s] -- Performing Test CMAKE_HAVE_LIBC_PTHREAD
[0.549s] -- Performing Test CMAKE_HAVE_LIBC_PTHREAD - Success
[0.550s] -- Found Threads: TRUE
[0.595s] -- Found OpenCV: /usr (found version "4.5.4")
[0.603s] -- Found nlohmann_json: /usr/lib/cmake/nlohmann_json/nlohmann_jsonConfig.cmake (found version "3.10.5")
[0.632s] -- ROS2 environment found, compiling ROS2-related code.
[0.893s] -- Found AMD headers in: /usr/include/suitesparse
[0.894s] -- Found AMD library: /usr/lib/x86_64-linux-gnu/libamd.so
[0.894s] -- Found CAMD headers in: /usr/include/suitesparse
[0.895s] -- Found CAMD library: /usr/lib/x86_64-linux-gnu/libcamd.so
[0.895s] -- Found CCOLAMD headers in: /usr/include/suitesparse
[0.896s] -- Found CCOLAMD library: /usr/lib/x86_64-linux-gnu/libccolamd.so
[0.896s] -- Found CHOLMOD headers in: /usr/include/suitesparse
[0.897s] -- Found CHOLMOD library: /usr/lib/x86_64-linux-gnu/libcholmod.so
[0.897s] -- Found COLAMD headers in: /usr/include/suitesparse
[0.897s] -- Found COLAMD library: /usr/lib/x86_64-linux-gnu/libcolamd.so
[0.898s] -- Found SPQR headers in: /usr/include/suitesparse
[0.898s] -- Found SPQR library: /usr/lib/x86_64-linux-gnu/libspqr.so
[0.898s] -- Found Config headers in: /usr/include/suitesparse
[0.899s] -- Found Config library: /usr/lib/x86_64-linux-gnu/libsuitesparseconfig.so
[0.900s] -- Found Intel Thread Building Blocks (TBB) library (2021.5 / ) include location: . Assuming SuiteSparseQR was compiled with TBB.
[0.900s] -- Looking for shm_open in rt
[0.936s] -- Looking for shm_open in rt - found
[0.936s] -- Adding librt to SuiteSparse_config libraries (required on Linux & Unix [not OSX] if SuiteSparse is compiled with timing).
[0.940s] -- Could NOT find METIS (missing: METIS_INCLUDE_DIR METIS_LIBRARY) 
[0.941s] -- Found SuiteSparse: /usr/include/suitesparse (found suitable version "5.10.1", minimum required is "5.10.1") found components: AMD CAMD CCOLAMD CHOLMOD COLAMD SPQR Config
[0.942s] -- Found required Ceres dependency: Eigen version 3.4.0 in /usr/share/eigen3/cmake
[0.945s] -- Found required Ceres dependency: glog
[0.946s] -- Found required Ceres dependency: gflags
[0.946s] -- Found Ceres version: 2.2.0 installed in: /usr/local with components: [EigenSparse, SparseLinearAlgebraLibrary, LAPACK, SuiteSparse, SchurSpecializations]
[0.975s] -- ROS2 environment found (Humble), compiling ROS2-dependent executables.
[0.976s] -- Configuring done (1.0s)
[1.114s] -- Generating done (0.1s)
[1.144s] -- Build files have been written to: /home/rmsentry/DUST_Infantry_Vision/build/sp_vision
[1.153s] Invoked command in '/home/rmsentry/DUST_Infantry_Vision/build/sp_vision' returned '0': /usr/local/bin/cmake /home/rmsentry/DUST_Infantry_Vision -DCMAKE_INSTALL_PREFIX=/home/rmsentry/DUST_Infantry_Vision/install/sp_vision
[1.154s] Invoking command in '/home/rmsentry/DUST_Infantry_Vision/build/sp_vision': /usr/local/bin/cmake --build /home/rmsentry/DUST_Infantry_Vision/build/sp_vision -- -j12 -l12
[1.173s] [  0%] [32mBuilding CXX object tasks/auto_aim/planner/tinympc/CMakeFiles/tinympcstatic.dir/admm.cpp.o[0m
[1.173s] [  1%] [32mBuilding CXX object io/serial/CMakeFiles/serial.dir/src/impl/unix.cc.o[0m
[1.173s] [  2%] [32mBuilding CXX object io/serial/CMakeFiles/serial.dir/src/serial.cc.o[0m
[1.173s] [  2%] [32mBuilding CXX object tasks/auto_aim/planner/tinympc/CMakeFiles/tinympcstatic.dir/tiny_api.cpp.o[0m
[1.173s] [  3%] [32mBuilding CXX object tasks/auto_aim/planner/tinympc/CMakeFiles/tinympcstatic.dir/codegen.cpp.o[0m
[1.173s] [  4%] [32mBuilding CXX object tools/CMakeFiles/tools.dir/exiter.cpp.o[0m
[1.173s] [  7%] [32mBuilding CXX object tools/CMakeFiles/tools.dir/extended_kalman_filter.cpp.o[0m
[1.173s] [  7%] [32mBuilding CXX object io/serial/CMakeFiles/serial.dir/src/impl/list_ports/list_ports_linux.cc.o[0m
[1.173s] [  7%] [32mBuilding CXX object tasks/auto_aim/planner/tinympc/CMakeFiles/tinympcstatic.dir/rho_benchmark.cpp.o[0m
[1.173s] [  6%] [32mBuilding CXX object tasks/omniperception/CMakeFiles/omniperception.dir/decider.cpp.o[0m
[1.173s] [  7%] [32mBuilding CXX object tools/CMakeFiles/tools.dir/ransac_sine_fitter.cpp.o[0m
[1.174s] [  8%] [32mBuilding CXX object tasks/omniperception/CMakeFiles/omniperception.dir/perceptron.cpp.o[0m
[1.371s] [  9%] [32mBuilding CXX object tools/CMakeFiles/tools.dir/img_tools.cpp.o[0m
[2.069s] [ 10%] [32mBuilding CXX object tools/CMakeFiles/tools.dir/math_tools.cpp.o[0m
[2.087s] [ 11%] [32mBuilding CXX object tools/CMakeFiles/tools.dir/plotter.cpp.o[0m
[2.452s] [ 12%] [32m[1mLinking CXX static library libserial.a[0m
[2.478s] [ 12%] Built target serial
[2.483s] [ 12%] [32mBuilding CXX object tools/CMakeFiles/tools.dir/trajectory.cpp.o[0m
[2.508s] [01m[K/home/rmsentry/DUST_Infantry_Vision/tasks/auto_aim/planner/tinympc/admm.cpp:[m[K In function ‚Äò[01m[KtinyVector project_soc(tinyVector, float)[m[K‚Äô:
[2.509s] [01m[K/home/rmsentry/DUST_Infantry_Vision/tasks/auto_aim/planner/tinympc/admm.cpp:40:42:[m[K [01;35m[Kwarning: [m[K‚Äò[01m[KEigen::placeholders::last[m[K‚Äô is deprecated [[01;35m[K]8;;https://gcc.gnu.org/onlinedocs/gcc/Warning-Options.html#index-Wdeprecated-declarations-Wdeprecated-declarations]8;;[m[K]
[2.509s]    40 |     tinytype u0 = s(Eigen::placeholders::[01;35m[Klast[m[K) * mu;
[2.509s]       |                                          [01;35m[K^~~~[m[K
[2.510s] In file included from [01m[K/usr/include/eigen3/Eigen/Core:265[m[K,
[2.512s]                  from [01m[K/usr/include/eigen3/Eigen/Dense:1[m[K,
[2.513s]                  from [01m[K/usr/include/eigen3/Eigen/Eigen:1[m[K,
[2.513s]                  from [01m[K/home/rmsentry/DUST_Infantry_Vision/tasks/auto_aim/planner/tinympc/types.hpp:3[m[K,
[2.513s]                  from [01m[K/home/rmsentry/DUST_Infantry_Vision/tasks/auto_aim/planner/tinympc/admm.hpp:3[m[K,
[2.514s]                  from [01m[K/home/rmsentry/DUST_Infantry_Vision/tasks/auto_aim/planner/tinympc/admm.cpp:3[m[K:
[2.514s] [01m[K/usr/include/eigen3/Eigen/src/Core/util/IndexedViewHelper.h:180:40:[m[K [01;36m[Knote: [m[Kdeclared here
[2.514s]   180 |   EIGEN_DEPRECATED static const last_t [01;36m[Klast[m[K = Eigen::last;   // PLEASE use Eigen::last   instead of Eigen::placeholders::last
[2.514s]       |                                        [01;36m[K^~~~[m[K
[2.657s] [ 13%] [32mBuilding CXX object io/CMakeFiles/io.dir/hikrobot/hikrobot.cpp.o[0m
[2.901s] [ 14%] [32mBuilding CXX object io/CMakeFiles/io.dir/mindvision/mindvision.cpp.o[0m
[3.331s] [ 15%] [32mBuilding CXX object tools/CMakeFiles/tools.dir/recorder.cpp.o[0m
[3.639s] [ 15%] [32mBuilding CXX object io/CMakeFiles/io.dir/usbcamera/usbcamera.cpp.o[0m
[4.261s] [ 16%] [32mBuilding CXX object tools/CMakeFiles/tools.dir/logger.cpp.o[0m
[5.577s] [ 16%] [32mBuilding CXX object tools/CMakeFiles/tools.dir/pid.cpp.o[0m
[5.806s] [ 17%] [32mBuilding CXX object io/CMakeFiles/io.dir/camera.cpp.o[0m
[6.657s] [ 18%] [32mBuilding CXX object io/CMakeFiles/io.dir/cboard.cpp.o[0m
[11.301s] [ 19%] [32mBuilding CXX object tools/CMakeFiles/tools.dir/crc.cpp.o[0m
[11.359s] [ 20%] [32mBuilding CXX object io/CMakeFiles/io.dir/dm_imu/dm_imu.cpp.o[0m
[11.674s] [ 21%] [32m[1mLinking CXX static library libtinympcstatic.a[0m
[11.712s] [ 21%] Built target tinympcstatic
[11.722s] [ 21%] [32mBuilding CXX object io/CMakeFiles/io.dir/gimbal/gimbal.cpp.o[0m
[11.876s] [ 22%] [32mBuilding CXX object io/CMakeFiles/io.dir/ros2/publish2nav.cpp.o[0m
[12.180s] [ 23%] [32mBuilding CXX object io/CMakeFiles/io.dir/ros2/ros2.cpp.o[0m
[12.453s] In file included from [01m[K/home/rmsentry/DUST_Infantry_Vision/io/ros2/ros2.hpp:5[m[K,
[12.453s]                  from [01m[K/home/rmsentry/DUST_Infantry_Vision/io/ros2/ros2.cpp:1[m[K:
[12.453s] [01m[K/home/rmsentry/DUST_Infantry_Vision/io/ros2/subscribe2nav.hpp:6:10:[m[K [01;31m[Kfatal error: [m[Ksp_msgs/msg/detail/autoaim_target_msg__struct.hpp: Ê≤°ÊúâÈÇ£‰∏™Êñá‰ª∂ÊàñÁõÆÂΩï
[12.453s]     6 | #include [01;31m[K<sp_msgs/msg/detail/autoaim_target_msg__struct.hpp>[m[K
[12.453s]       |          [01;31m[K^~~~~~~~~~~~~~~~~~~~~~~~~~~~~~~~~~~~~~~~~~~~~~~~~~~[m[K
[12.453s] compilation terminated.
[12.464s] gmake[2]: *** [io/CMakeFiles/io.dir/build.make:188Ôºöio/CMakeFiles/io.dir/ros2/ros2.cpp.o] ÈîôËØØ 1
[12.464s] gmake[2]: *** Ê≠£Âú®Á≠âÂæÖÊú™ÂÆåÊàêÁöÑ‰ªªÂä°....
[12.610s] [ 23%] Built target omniperception
[19.374s] gmake[1]: *** [CMakeFiles/Makefile2:1571Ôºöio/CMakeFiles/io.dir/all] ÈîôËØØ 2
[19.374s] gmake[1]: *** Ê≠£Âú®Á≠âÂæÖÊú™ÂÆåÊàêÁöÑ‰ªªÂä°....
[19.997s] [ 23%] Built target tools
[19.997s] gmake: *** [Makefile:101Ôºöall] ÈîôËØØ 2
[19.998s] Invoked command in '/home/rmsentry/DUST_Infantry_Vision/build/sp_vision' returned '2': /usr/local/bin/cmake --build /home/rmsentry/DUST_Infantry_Vision/build/sp_vision -- -j12 -l12
